# JRE version: OpenJDK Runtime Environment (17.0.6) (build 17.0.6+0-b2043.56-10027231)
# Java VM: OpenJDK 64-Bit Server VM (17.0.6+0-b2043.56-10027231, mixed mode, tiered, compressed oops, compressed class ptrs, g1 gc, windows-amd64)
GC Precious Log:
 CPUs: 2 total, 2 available
 Memory: 11680M
 Large Page Support: Disabled
 NUMA Support: Disabled
 Compressed Oops: Enabled (32-bit)
 Heap Region Size: 1M
 Heap Min Capacity: 8M
 Heap Initial Capacity: 184M
 Heap Max Capacity: 1G
 Pre-touch: Disabled
 Parallel Workers: 2
 Concurrent Workers: 1
 Concurrent Refinement Workers: 2
 Periodic GC: Disabled
Heap:
 garbage-first heap   total 230400K, used 166195K [0x00000000c0000000, 0x0000000100000000)
  region size 1024K, 33 young (33792K), 3 survivors (3072K)
 Metaspace       used 110699K, committed 111424K, reserved 1146880K
  class space    used 14943K, committed 15296K, reserved 1048576K
GC Heap History (20 events):
Event: 81.930 GC heap before
{Heap before GC invocations=67 (full 0):
 garbage-first heap   total 163840K, used 104794K [0x00000000c0000000, 0x0000000100000000)
  region size 1024K, 8 young (8192K), 4 survivors (4096K)
 Metaspace       used 102929K, committed 103680K, reserved 1138688K
  class space    used 14127K, committed 14528K, reserved 1048576K
}
Event: 81.952 GC heap after
{Heap after GC invocations=68 (full 0):
 garbage-first heap   total 163840K, used 101376K [0x00000000c0000000, 0x0000000100000000)
  region size 1024K, 1 young (1024K), 1 survivors (1024K)
 Metaspace       used 102929K, committed 103680K, reserved 1138688K
  class space    used 14127K, committed 14528K, reserved 1048576K
}
Event: 84.996 GC heap before
{Heap before GC invocations=68 (full 0):
 garbage-first heap   total 163840K, used 135168K [0x00000000c0000000, 0x0000000100000000)
  region size 1024K, 35 young (35840K), 1 survivors (1024K)
 Metaspace       used 103175K, committed 103936K, reserved 1138688K
  class space    used 14129K, committed 14528K, reserved 1048576K
}
Event: 85.014 GC heap after
{Heap after GC invocations=69 (full 0):
 garbage-first heap   total 163840K, used 103136K [0x00000000c0000000, 0x0000000100000000)
  region size 1024K, 3 young (3072K), 3 survivors (3072K)
 Metaspace       used 103175K, committed 103936K, reserved 1138688K
  class space    used 14129K, committed 14528K, reserved 1048576K
}
Event: 85.950 GC heap before
{Heap before GC invocations=69 (full 0):
 garbage-first heap   total 163840K, used 118496K [0x00000000c0000000, 0x0000000100000000)
  region size 1024K, 19 young (19456K), 3 survivors (3072K)
 Metaspace       used 103508K, committed 104192K, reserved 1138688K
  class space    used 14179K, committed 14528K, reserved 1048576K
}
Event: 85.964 GC heap after
{Heap after GC invocations=70 (full 0):
 garbage-first heap   total 163840K, used 105266K [0x00000000c0000000, 0x0000000100000000)
  region size 1024K, 4 young (4096K), 4 survivors (4096K)
 Metaspace       used 103508K, committed 104192K, reserved 1138688K
  class space    used 14179K, committed 14528K, reserved 1048576K
}
Event: 87.855 GC heap before
{Heap before GC invocations=71 (full 0):
 garbage-first heap   total 191488K, used 142130K [0x00000000c0000000, 0x0000000100000000)
  region size 1024K, 35 young (35840K), 4 survivors (4096K)
 Metaspace       used 106243K, committed 107008K, reserved 1146880K
  class space    used 14480K, committed 14848K, reserved 1048576K
}
Event: 87.879 GC heap after
{Heap after GC invocations=72 (full 0):
 garbage-first heap   total 191488K, used 112244K [0x00000000c0000000, 0x0000000100000000)
  region size 1024K, 5 young (5120K), 5 survivors (5120K)
 Metaspace       used 106243K, committed 107008K, reserved 1146880K
  class space    used 14480K, committed 14848K, reserved 1048576K
}
Event: 88.084 GC heap before
{Heap before GC invocations=72 (full 0):
 garbage-first heap   total 191488K, used 115316K [0x00000000c0000000, 0x0000000100000000)
  region size 1024K, 9 young (9216K), 5 survivors (5120K)
 Metaspace       used 106775K, committed 107520K, reserved 1146880K
  class space    used 14553K, committed 14912K, reserved 1048576K
}
Event: 88.098 GC heap after
{Heap after GC invocations=73 (full 0):
 garbage-first heap   total 191488K, used 113195K [0x00000000c0000000, 0x0000000100000000)
  region size 1024K, 1 young (1024K), 1 survivors (1024K)
 Metaspace       used 106775K, committed 107520K, reserved 1146880K
  class space    used 14553K, committed 14912K, reserved 1048576K
}
Event: 89.914 GC heap before
{Heap before GC invocations=73 (full 0):
 garbage-first heap   total 191488K, used 154155K [0x00000000c0000000, 0x0000000100000000)
  region size 1024K, 42 young (43008K), 1 survivors (1024K)
 Metaspace       used 107377K, committed 108160K, reserved 1146880K
  class space    used 14609K, committed 14976K, reserved 1048576K
}
Event: 89.942 GC heap after
{Heap after GC invocations=74 (full 0):
 garbage-first heap   total 191488K, used 124872K [0x00000000c0000000, 0x0000000100000000)
  region size 1024K, 6 young (6144K), 6 survivors (6144K)
 Metaspace       used 107377K, committed 108160K, reserved 1146880K
  class space    used 14609K, committed 14976K, reserved 1048576K
}
Event: 91.115 GC heap before
{Heap before GC invocations=74 (full 0):
 garbage-first heap   total 191488K, used 149448K [0x00000000c0000000, 0x0000000100000000)
  region size 1024K, 25 young (25600K), 6 survivors (6144K)
 Metaspace       used 107515K, committed 108224K, reserved 1146880K
  class space    used 14618K, committed 14976K, reserved 1048576K
}
Event: 91.153 GC heap after
{Heap after GC invocations=75 (full 0):
 garbage-first heap   total 191488K, used 138240K [0x00000000c0000000, 0x0000000100000000)
  region size 1024K, 5 young (5120K), 5 survivors (5120K)
 Metaspace       used 107515K, committed 108224K, reserved 1146880K
  class space    used 14618K, committed 14976K, reserved 1048576K
}
Event: 92.580 GC heap before
{Heap before GC invocations=76 (full 0):
 garbage-first heap   total 230400K, used 162816K [0x00000000c0000000, 0x0000000100000000)
  region size 1024K, 20 young (20480K), 5 survivors (5120K)
 Metaspace       used 108745K, committed 109504K, reserved 1146880K
  class space    used 14752K, committed 15104K, reserved 1048576K
}
Event: 92.604 GC heap after
{Heap after GC invocations=77 (full 0):
 garbage-first heap   total 230400K, used 136187K [0x00000000c0000000, 0x0000000100000000)
  region size 1024K, 2 young (2048K), 2 survivors (2048K)
 Metaspace       used 108745K, committed 109504K, reserved 1146880K
  class space    used 14752K, committed 15104K, reserved 1048576K
}
Event: 93.999 GC heap before
{Heap before GC invocations=77 (full 0):
 garbage-first heap   total 230400K, used 144379K [0x00000000c0000000, 0x0000000100000000)
  region size 1024K, 11 young (11264K), 2 survivors (2048K)
 Metaspace       used 109109K, committed 109824K, reserved 1146880K
  class space    used 14798K, committed 15168K, reserved 1048576K
}
Event: 94.007 GC heap after
{Heap after GC invocations=78 (full 0):
 garbage-first heap   total 230400K, used 135309K [0x00000000c0000000, 0x0000000100000000)
  region size 1024K, 1 young (1024K), 1 survivors (1024K)
 Metaspace       used 109109K, committed 109824K, reserved 1146880K
  class space    used 14798K, committed 15168K, reserved 1048576K
}
Event: 96.732 GC heap before
{Heap before GC invocations=78 (full 0):
 garbage-first heap   total 230400K, used 177293K [0x00000000c0000000, 0x0000000100000000)
  region size 1024K, 43 young (44032K), 1 survivors (1024K)
 Metaspace       used 109829K, committed 110528K, reserved 1146880K
  class space    used 14857K, committed 15232K, reserved 1048576K
}
Event: 96.745 GC heap after
{Heap after GC invocations=79 (full 0):
 garbage-first heap   total 230400K, used 137523K [0x00000000c0000000, 0x0000000100000000)
  region size 1024K, 3 young (3072K), 3 survivors (3072K)
 Metaspace       used 109829K, committed 110528K, reserved 1146880K
  class space    used 14857K, committed 15232K, reserved 1048576K
}

