# JRE version: OpenJDK Runtime Environment (17.0.6) (build 17.0.6+0-b2043.56-10027231)
# Java VM: OpenJDK 64-Bit Server VM (17.0.6+0-b2043.56-10027231, mixed mode, tiered, compressed oops, compressed class ptrs, g1 gc, windows-amd64)
GC Precious Log:
 CPUs: 2 total, 2 available
 Memory: 11680M
 Large Page Support: Disabled
 NUMA Support: Disabled
 Compressed Oops: Enabled (32-bit)
 Heap Region Size: 1M
 Heap Min Capacity: 8M
 Heap Initial Capacity: 184M
 Heap Max Capacity: 1G
 Pre-touch: Disabled
 Parallel Workers: 2
 Concurrent Workers: 1
 Concurrent Refinement Workers: 2
 Periodic GC: Disabled
Heap:
 garbage-first heap   total 319488K, used 267615K [0x00000000c0000000, 0x0000000100000000)
  region size 1024K, 60 young (61440K), 6 survivors (6144K)
 Metaspace       used 133315K, committed 134208K, reserved 1171456K
  class space    used 17437K, committed 17856K, reserved 1048576K
GC Heap History (20 events):
Event: 240.453 GC heap before
{Heap before GC invocations=121 (full 0):
 garbage-first heap   total 319488K, used 284005K [0x00000000c0000000, 0x0000000100000000)
  region size 1024K, 91 young (93184K), 4 survivors (4096K)
 Metaspace       used 133153K, committed 133952K, reserved 1171456K
  class space    used 17417K, committed 17792K, reserved 1048576K
}
Event: 240.482 GC heap after
{Heap after GC invocations=122 (full 0):
 garbage-first heap   total 319488K, used 192230K [0x00000000c0000000, 0x0000000100000000)
  region size 1024K, 4 young (4096K), 4 survivors (4096K)
 Metaspace       used 133153K, committed 133952K, reserved 1171456K
  class space    used 17417K, committed 17792K, reserved 1048576K
}
Event: 243.212 GC heap before
{Heap before GC invocations=122 (full 0):
 garbage-first heap   total 319488K, used 279270K [0x00000000c0000000, 0x0000000100000000)
  region size 1024K, 90 young (92160K), 4 survivors (4096K)
 Metaspace       used 133242K, committed 134144K, reserved 1171456K
  class space    used 17430K, committed 17856K, reserved 1048576K
}
Event: 243.229 GC heap after
{Heap after GC invocations=123 (full 0):
 garbage-first heap   total 319488K, used 194234K [0x00000000c0000000, 0x0000000100000000)
  region size 1024K, 6 young (6144K), 6 survivors (6144K)
 Metaspace       used 133242K, committed 134144K, reserved 1171456K
  class space    used 17430K, committed 17856K, reserved 1048576K
}
Event: 245.362 GC heap before
{Heap before GC invocations=123 (full 0):
 garbage-first heap   total 319488K, used 278202K [0x00000000c0000000, 0x0000000100000000)
  region size 1024K, 88 young (90112K), 6 survivors (6144K)
 Metaspace       used 133273K, committed 134144K, reserved 1171456K
  class space    used 17436K, committed 17856K, reserved 1048576K
}
Event: 245.402 GC heap after
{Heap after GC invocations=124 (full 0):
 garbage-first heap   total 319488K, used 204398K [0x00000000c0000000, 0x0000000100000000)
  region size 1024K, 11 young (11264K), 11 survivors (11264K)
 Metaspace       used 133273K, committed 134144K, reserved 1171456K
  class space    used 17436K, committed 17856K, reserved 1048576K
}
Event: 245.990 GC heap before
{Heap before GC invocations=124 (full 0):
 garbage-first heap   total 319488K, used 270958K [0x00000000c0000000, 0x0000000100000000)
  region size 1024K, 76 young (77824K), 11 survivors (11264K)
 Metaspace       used 133279K, committed 134144K, reserved 1171456K
  class space    used 17436K, committed 17856K, reserved 1048576K
}
Event: 246.086 GC heap after
{Heap after GC invocations=125 (full 0):
 garbage-first heap   total 319488K, used 209128K [0x00000000c0000000, 0x0000000100000000)
  region size 1024K, 8 young (8192K), 8 survivors (8192K)
 Metaspace       used 133279K, committed 134144K, reserved 1171456K
  class space    used 17436K, committed 17856K, reserved 1048576K
}
Event: 248.020 GC heap before
{Heap before GC invocations=125 (full 0):
 garbage-first heap   total 319488K, used 269544K [0x00000000c0000000, 0x0000000100000000)
  region size 1024K, 67 young (68608K), 8 survivors (8192K)
 Metaspace       used 133284K, committed 134144K, reserved 1171456K
  class space    used 17436K, committed 17856K, reserved 1048576K
}
Event: 248.061 GC heap after
{Heap after GC invocations=126 (full 0):
 garbage-first heap   total 319488K, used 210432K [0x00000000c0000000, 0x0000000100000000)
  region size 1024K, 3 young (3072K), 3 survivors (3072K)
 Metaspace       used 133284K, committed 134144K, reserved 1171456K
  class space    used 17436K, committed 17856K, reserved 1048576K
}
Event: 251.283 GC heap before
{Heap before GC invocations=126 (full 0):
 garbage-first heap   total 319488K, used 271872K [0x00000000c0000000, 0x0000000100000000)
  region size 1024K, 63 young (64512K), 3 survivors (3072K)
 Metaspace       used 133298K, committed 134144K, reserved 1171456K
  class space    used 17437K, committed 17856K, reserved 1048576K
}
Event: 251.296 GC heap after
{Heap after GC invocations=127 (full 0):
 garbage-first heap   total 319488K, used 210659K [0x00000000c0000000, 0x0000000100000000)
  region size 1024K, 3 young (3072K), 3 survivors (3072K)
 Metaspace       used 133298K, committed 134144K, reserved 1171456K
  class space    used 17437K, committed 17856K, reserved 1048576K
}
Event: 253.311 GC heap before
{Heap before GC invocations=127 (full 0):
 garbage-first heap   total 319488K, used 274147K [0x00000000c0000000, 0x0000000100000000)
  region size 1024K, 65 young (66560K), 3 survivors (3072K)
 Metaspace       used 133298K, committed 134144K, reserved 1171456K
  class space    used 17437K, committed 17856K, reserved 1048576K
}
Event: 253.325 GC heap after
{Heap after GC invocations=128 (full 0):
 garbage-first heap   total 319488K, used 211235K [0x00000000c0000000, 0x0000000100000000)
  region size 1024K, 4 young (4096K), 4 survivors (4096K)
 Metaspace       used 133298K, committed 134144K, reserved 1171456K
  class space    used 17437K, committed 17856K, reserved 1048576K
}
Event: 254.817 GC heap before
{Heap before GC invocations=128 (full 0):
 garbage-first heap   total 319488K, used 275747K [0x00000000c0000000, 0x0000000100000000)
  region size 1024K, 67 young (68608K), 4 survivors (4096K)
 Metaspace       used 133303K, committed 134208K, reserved 1171456K
  class space    used 17437K, committed 17856K, reserved 1048576K
}
Event: 254.831 GC heap after
{Heap after GC invocations=129 (full 0):
 garbage-first heap   total 319488K, used 211844K [0x00000000c0000000, 0x0000000100000000)
  region size 1024K, 4 young (4096K), 4 survivors (4096K)
 Metaspace       used 133303K, committed 134208K, reserved 1171456K
  class space    used 17437K, committed 17856K, reserved 1048576K
}
Event: 257.271 GC heap before
{Heap before GC invocations=129 (full 0):
 garbage-first heap   total 319488K, used 278404K [0x00000000c0000000, 0x0000000100000000)
  region size 1024K, 69 young (70656K), 4 survivors (4096K)
 Metaspace       used 133304K, committed 134208K, reserved 1171456K
  class space    used 17437K, committed 17856K, reserved 1048576K
}
Event: 257.287 GC heap after
{Heap after GC invocations=130 (full 0):
 garbage-first heap   total 319488K, used 211645K [0x00000000c0000000, 0x0000000100000000)
  region size 1024K, 4 young (4096K), 4 survivors (4096K)
 Metaspace       used 133304K, committed 134208K, reserved 1171456K
  class space    used 17437K, committed 17856K, reserved 1048576K
}
Event: 261.942 GC heap before
{Heap before GC invocations=130 (full 0):
 garbage-first heap   total 319488K, used 279229K [0x00000000c0000000, 0x0000000100000000)
  region size 1024K, 70 young (71680K), 4 survivors (4096K)
 Metaspace       used 133311K, committed 134208K, reserved 1171456K
  class space    used 17437K, committed 17856K, reserved 1048576K
}
Event: 261.959 GC heap after
{Heap after GC invocations=131 (full 0):
 garbage-first heap   total 319488K, used 213343K [0x00000000c0000000, 0x0000000100000000)
  region size 1024K, 6 young (6144K), 6 survivors (6144K)
 Metaspace       used 133311K, committed 134208K, reserved 1171456K
  class space    used 17437K, committed 17856K, reserved 1048576K
}

