# JRE version: OpenJDK Runtime Environment (17.0.6) (build 17.0.6+0-b2043.56-10027231)
# Java VM: OpenJDK 64-Bit Server VM (17.0.6+0-b2043.56-10027231, mixed mode, tiered, compressed oops, compressed class ptrs, g1 gc, windows-amd64)
GC Precious Log:
 CPUs: 2 total, 2 available
 Memory: 11680M
 Large Page Support: Disabled
 NUMA Support: Disabled
 Compressed Oops: Enabled (Zero based)
 Heap Region Size: 2M
 Heap Min Capacity: 8M
 Heap Initial Capacity: 184M
 Heap Max Capacity: 2922M
 Pre-touch: Disabled
 Parallel Workers: 2
 Concurrent Workers: 1
 Concurrent Refinement Workers: 2
 Periodic GC: Disabled
Heap:
 garbage-first heap   total 61440K, used 26636K [0x0000000749600000, 0x0000000800000000)
  region size 2048K, 2 young (4096K), 1 survivors (2048K)
 Metaspace       used 43397K, committed 43584K, reserved 1089536K
  class space    used 5229K, committed 5312K, reserved 1048576K
GC Heap History (20 events):
Event: 1.416 GC heap before
{Heap before GC invocations=1 (full 0):
 garbage-first heap   total 188416K, used 12014K [0x0000000749600000, 0x0000000800000000)
  region size 2048K, 4 young (8192K), 1 survivors (2048K)
 Metaspace       used 10589K, committed 10752K, reserved 1064960K
  class space    used 920K, committed 1024K, reserved 1048576K
}
Event: 1.421 GC heap after
{Heap after GC invocations=2 (full 0):
 garbage-first heap   total 188416K, used 6305K [0x0000000749600000, 0x0000000800000000)
  region size 2048K, 1 young (2048K), 1 survivors (2048K)
 Metaspace       used 10589K, committed 10752K, reserved 1064960K
  class space    used 920K, committed 1024K, reserved 1048576K
}
Event: 2.387 GC heap before
{Heap before GC invocations=2 (full 0):
 garbage-first heap   total 188416K, used 18593K [0x0000000749600000, 0x0000000800000000)
  region size 2048K, 8 young (16384K), 1 survivors (2048K)
 Metaspace       used 14245K, committed 14400K, reserved 1064960K
  class space    used 1389K, committed 1472K, reserved 1048576K
}
Event: 2.394 GC heap after
{Heap after GC invocations=3 (full 0):
 garbage-first heap   total 188416K, used 7606K [0x0000000749600000, 0x0000000800000000)
  region size 2048K, 1 young (2048K), 1 survivors (2048K)
 Metaspace       used 14245K, committed 14400K, reserved 1064960K
  class space    used 1389K, committed 1472K, reserved 1048576K
}
Event: 4.265 GC heap before
{Heap before GC invocations=3 (full 0):
 garbage-first heap   total 188416K, used 34230K [0x0000000749600000, 0x0000000800000000)
  region size 2048K, 15 young (30720K), 1 survivors (2048K)
 Metaspace       used 21291K, committed 21504K, reserved 1073152K
  class space    used 2314K, committed 2432K, reserved 1048576K
}
Event: 4.279 GC heap after
{Heap after GC invocations=4 (full 0):
 garbage-first heap   total 188416K, used 10227K [0x0000000749600000, 0x0000000800000000)
  region size 2048K, 3 young (6144K), 3 survivors (6144K)
 Metaspace       used 21291K, committed 21504K, reserved 1073152K
  class space    used 2314K, committed 2432K, reserved 1048576K
}
Event: 5.731 GC heap before
{Heap before GC invocations=5 (full 0):
 garbage-first heap   total 49152K, used 34803K [0x0000000749600000, 0x0000000800000000)
  region size 2048K, 14 young (28672K), 3 survivors (6144K)
 Metaspace       used 28115K, committed 28352K, reserved 1081344K
  class space    used 3073K, committed 3200K, reserved 1048576K
}
Event: 5.748 GC heap after
{Heap after GC invocations=6 (full 0):
 garbage-first heap   total 49152K, used 16607K [0x0000000749600000, 0x0000000800000000)
  region size 2048K, 2 young (4096K), 2 survivors (4096K)
 Metaspace       used 28115K, committed 28352K, reserved 1081344K
  class space    used 3073K, committed 3200K, reserved 1048576K
}
Event: 5.921 GC heap before
{Heap before GC invocations=6 (full 0):
 garbage-first heap   total 49152K, used 18655K [0x0000000749600000, 0x0000000800000000)
  region size 2048K, 3 young (6144K), 2 survivors (4096K)
 Metaspace       used 28727K, committed 28928K, reserved 1081344K
  class space    used 3181K, committed 3264K, reserved 1048576K
}
Event: 5.935 GC heap after
{Heap after GC invocations=7 (full 0):
 garbage-first heap   total 49152K, used 16713K [0x0000000749600000, 0x0000000800000000)
  region size 2048K, 1 young (2048K), 1 survivors (2048K)
 Metaspace       used 28727K, committed 28928K, reserved 1081344K
  class space    used 3181K, committed 3264K, reserved 1048576K
}
Event: 6.918 GC heap before
{Heap before GC invocations=7 (full 0):
 garbage-first heap   total 49152K, used 35145K [0x0000000749600000, 0x0000000800000000)
  region size 2048K, 9 young (18432K), 1 survivors (2048K)
 Metaspace       used 31326K, committed 31552K, reserved 1081344K
  class space    used 3773K, committed 3904K, reserved 1048576K
}
Event: 6.929 GC heap after
{Heap after GC invocations=8 (full 0):
 garbage-first heap   total 49152K, used 21920K [0x0000000749600000, 0x0000000800000000)
  region size 2048K, 2 young (4096K), 2 survivors (4096K)
 Metaspace       used 31326K, committed 31552K, reserved 1081344K
  class space    used 3773K, committed 3904K, reserved 1048576K
}
Event: 7.917 GC heap before
{Heap before GC invocations=8 (full 0):
 garbage-first heap   total 49152K, used 34208K [0x0000000749600000, 0x0000000800000000)
  region size 2048K, 8 young (16384K), 2 survivors (4096K)
 Metaspace       used 34365K, committed 34560K, reserved 1081344K
  class space    used 4325K, committed 4416K, reserved 1048576K
}
Event: 7.929 GC heap after
{Heap after GC invocations=9 (full 0):
 garbage-first heap   total 61440K, used 23728K [0x0000000749600000, 0x0000000800000000)
  region size 2048K, 1 young (2048K), 1 survivors (2048K)
 Metaspace       used 34365K, committed 34560K, reserved 1081344K
  class space    used 4325K, committed 4416K, reserved 1048576K
}
Event: 8.206 GC heap before
{Heap before GC invocations=9 (full 0):
 garbage-first heap   total 61440K, used 29872K [0x0000000749600000, 0x0000000800000000)
  region size 2048K, 5 young (10240K), 1 survivors (2048K)
 Metaspace       used 35917K, committed 36096K, reserved 1081344K
  class space    used 4480K, committed 4544K, reserved 1048576K
}
Event: 8.213 GC heap after
{Heap after GC invocations=10 (full 0):
 garbage-first heap   total 61440K, used 24299K [0x0000000749600000, 0x0000000800000000)
  region size 2048K, 2 young (4096K), 2 survivors (4096K)
 Metaspace       used 35917K, committed 36096K, reserved 1081344K
  class space    used 4480K, committed 4544K, reserved 1048576K
}
Event: 9.450 GC heap before
{Heap before GC invocations=11 (full 0):
 garbage-first heap   total 61440K, used 42731K [0x0000000749600000, 0x0000000800000000)
  region size 2048K, 11 young (22528K), 2 survivors (4096K)
 Metaspace       used 39213K, committed 39424K, reserved 1089536K
  class space    used 4851K, committed 4928K, reserved 1048576K
}
Event: 9.471 GC heap after
{Heap after GC invocations=12 (full 0):
 garbage-first heap   total 61440K, used 24917K [0x0000000749600000, 0x0000000800000000)
  region size 2048K, 2 young (4096K), 2 survivors (4096K)
 Metaspace       used 39213K, committed 39424K, reserved 1089536K
  class space    used 4851K, committed 4928K, reserved 1048576K
}
Event: 10.420 GC heap before
{Heap before GC invocations=12 (full 0):
 garbage-first heap   total 61440K, used 41301K [0x0000000749600000, 0x0000000800000000)
  region size 2048K, 11 young (22528K), 2 survivors (4096K)
 Metaspace       used 42985K, committed 43200K, reserved 1089536K
  class space    used 5184K, committed 5248K, reserved 1048576K
}
Event: 10.432 GC heap after
{Heap after GC invocations=13 (full 0):
 garbage-first heap   total 61440K, used 26636K [0x0000000749600000, 0x0000000800000000)
  region size 2048K, 1 young (2048K), 1 survivors (2048K)
 Metaspace       used 42985K, committed 43200K, reserved 1089536K
  class space    used 5184K, committed 5248K, reserved 1048576K
}

