# JRE version: OpenJDK Runtime Environment (17.0.6) (build 17.0.6+0-b2043.56-10027231)
# Java VM: OpenJDK 64-Bit Server VM (17.0.6+0-b2043.56-10027231, mixed mode, tiered, compressed oops, compressed class ptrs, g1 gc, windows-amd64)
GC Precious Log:
 CPUs: 2 total, 2 available
 Memory: 11680M
 Large Page Support: Disabled
 NUMA Support: Disabled
 Compressed Oops: Enabled (32-bit)
 Heap Region Size: 1M
 Heap Min Capacity: 8M
 Heap Initial Capacity: 184M
 Heap Max Capacity: 1G
 Pre-touch: Disabled
 Parallel Workers: 2
 Concurrent Workers: 1
 Concurrent Refinement Workers: 2
 Periodic GC: Disabled
Heap:
 garbage-first heap   total 193536K, used 136445K [0x00000000c0000000, 0x0000000100000000)
  region size 1024K, 2 young (2048K), 1 survivors (1024K)
 Metaspace       used 105580K, committed 106304K, reserved 1146880K
  class space    used 13915K, committed 14272K, reserved 1048576K
GC Heap History (20 events):
Event: 93.559 GC heap before
{Heap before GC invocations=62 (full 0):
 garbage-first heap   total 193536K, used 147968K [0x00000000c0000000, 0x0000000100000000)
  region size 1024K, 24 young (24576K), 2 survivors (2048K)
 Metaspace       used 101019K, committed 101696K, reserved 1138688K
  class space    used 13548K, committed 13888K, reserved 1048576K
}
Event: 93.585 GC heap after
{Heap after GC invocations=63 (full 0):
 garbage-first heap   total 193536K, used 128417K [0x00000000c0000000, 0x0000000100000000)
  region size 1024K, 3 young (3072K), 3 survivors (3072K)
 Metaspace       used 101019K, committed 101696K, reserved 1138688K
  class space    used 13548K, committed 13888K, reserved 1048576K
}
Event: 95.399 GC heap before
{Heap before GC invocations=63 (full 0):
 garbage-first heap   total 193536K, used 150945K [0x00000000c0000000, 0x0000000100000000)
  region size 1024K, 23 young (23552K), 3 survivors (3072K)
 Metaspace       used 101230K, committed 102016K, reserved 1138688K
  class space    used 13557K, committed 13952K, reserved 1048576K
}
Event: 95.426 GC heap after
{Heap after GC invocations=64 (full 0):
 garbage-first heap   total 193536K, used 130495K [0x00000000c0000000, 0x0000000100000000)
  region size 1024K, 3 young (3072K), 3 survivors (3072K)
 Metaspace       used 101230K, committed 102016K, reserved 1138688K
  class space    used 13557K, committed 13952K, reserved 1048576K
}
Event: 97.632 GC heap before
{Heap before GC invocations=64 (full 0):
 garbage-first heap   total 193536K, used 162239K [0x00000000c0000000, 0x0000000100000000)
  region size 1024K, 23 young (23552K), 3 survivors (3072K)
 Metaspace       used 101320K, committed 102080K, reserved 1138688K
  class space    used 13567K, committed 13952K, reserved 1048576K
}
Event: 97.657 GC heap after
{Heap after GC invocations=65 (full 0):
 garbage-first heap   total 193536K, used 140044K [0x00000000c0000000, 0x0000000100000000)
  region size 1024K, 3 young (3072K), 3 survivors (3072K)
 Metaspace       used 101320K, committed 102080K, reserved 1138688K
  class space    used 13567K, committed 13952K, reserved 1048576K
}
Event: 98.391 GC heap before
{Heap before GC invocations=65 (full 0):
 garbage-first heap   total 193536K, used 159500K [0x00000000c0000000, 0x0000000100000000)
  region size 1024K, 19 young (19456K), 3 survivors (3072K)
 Metaspace       used 101669K, committed 102464K, reserved 1138688K
  class space    used 13596K, committed 13952K, reserved 1048576K
}
Event: 98.408 GC heap after
{Heap after GC invocations=66 (full 0):
 garbage-first heap   total 193536K, used 139514K [0x00000000c0000000, 0x0000000100000000)
  region size 1024K, 3 young (3072K), 3 survivors (3072K)
 Metaspace       used 101669K, committed 102464K, reserved 1138688K
  class space    used 13596K, committed 13952K, reserved 1048576K
}
Event: 99.341 GC heap before
{Heap before GC invocations=66 (full 0):
 garbage-first heap   total 193536K, used 156922K [0x00000000c0000000, 0x0000000100000000)
  region size 1024K, 20 young (20480K), 3 survivors (3072K)
 Metaspace       used 101700K, committed 102528K, reserved 1138688K
  class space    used 13601K, committed 14016K, reserved 1048576K
}
Event: 99.353 GC heap after
{Heap after GC invocations=67 (full 0):
 garbage-first heap   total 193536K, used 142336K [0x00000000c0000000, 0x0000000100000000)
  region size 1024K, 3 young (3072K), 3 survivors (3072K)
 Metaspace       used 101700K, committed 102528K, reserved 1138688K
  class space    used 13601K, committed 14016K, reserved 1048576K
}
Event: 104.857 GC heap before
{Heap before GC invocations=67 (full 0):
 garbage-first heap   total 193536K, used 159744K [0x00000000c0000000, 0x0000000100000000)
  region size 1024K, 20 young (20480K), 3 survivors (3072K)
 Metaspace       used 104329K, committed 105152K, reserved 1146880K
  class space    used 13823K, committed 14208K, reserved 1048576K
}
Event: 104.873 GC heap after
{Heap after GC invocations=68 (full 0):
 garbage-first heap   total 193536K, used 144948K [0x00000000c0000000, 0x0000000100000000)
  region size 1024K, 3 young (3072K), 3 survivors (3072K)
 Metaspace       used 104329K, committed 105152K, reserved 1146880K
  class space    used 13823K, committed 14208K, reserved 1048576K
}
Event: 105.640 GC heap before
{Heap before GC invocations=68 (full 0):
 garbage-first heap   total 193536K, used 161332K [0x00000000c0000000, 0x0000000100000000)
  region size 1024K, 19 young (19456K), 3 survivors (3072K)
 Metaspace       used 104811K, committed 105536K, reserved 1146880K
  class space    used 13868K, committed 14208K, reserved 1048576K
}
Event: 105.653 GC heap after
{Heap after GC invocations=69 (full 0):
 garbage-first heap   total 193536K, used 147211K [0x00000000c0000000, 0x0000000100000000)
  region size 1024K, 3 young (3072K), 3 survivors (3072K)
 Metaspace       used 104811K, committed 105536K, reserved 1146880K
  class space    used 13868K, committed 14208K, reserved 1048576K
}
Event: 106.140 GC heap before
{Heap before GC invocations=69 (full 0):
 garbage-first heap   total 193536K, used 162571K [0x00000000c0000000, 0x0000000100000000)
  region size 1024K, 18 young (18432K), 3 survivors (3072K)
 Metaspace       used 105228K, committed 105984K, reserved 1146880K
  class space    used 13890K, committed 14272K, reserved 1048576K
}
Event: 106.166 GC heap after
{Heap after GC invocations=70 (full 0):
 garbage-first heap   total 193536K, used 150440K [0x00000000c0000000, 0x0000000100000000)
  region size 1024K, 3 young (3072K), 3 survivors (3072K)
 Metaspace       used 105228K, committed 105984K, reserved 1146880K
  class space    used 13890K, committed 14272K, reserved 1048576K
}
Event: 106.464 GC heap before
{Heap before GC invocations=70 (full 0):
 garbage-first heap   total 193536K, used 164776K [0x00000000c0000000, 0x0000000100000000)
  region size 1024K, 17 young (17408K), 3 survivors (3072K)
 Metaspace       used 105567K, committed 106304K, reserved 1146880K
  class space    used 13915K, committed 14272K, reserved 1048576K
}
Event: 106.486 GC heap after
{Heap after GC invocations=71 (full 0):
 garbage-first heap   total 193536K, used 154327K [0x00000000c0000000, 0x0000000100000000)
  region size 1024K, 3 young (3072K), 3 survivors (3072K)
 Metaspace       used 105567K, committed 106304K, reserved 1146880K
  class space    used 13915K, committed 14272K, reserved 1048576K
}
Event: 106.827 GC heap before
{Heap before GC invocations=71 (full 0):
 garbage-first heap   total 193536K, used 165591K [0x00000000c0000000, 0x0000000100000000)
  region size 1024K, 14 young (14336K), 3 survivors (3072K)
 Metaspace       used 105580K, committed 106304K, reserved 1146880K
  class space    used 13915K, committed 14272K, reserved 1048576K
}
Event: 106.835 GC heap after
{Heap after GC invocations=72 (full 0):
 garbage-first heap   total 193536K, used 154877K [0x00000000c0000000, 0x0000000100000000)
  region size 1024K, 1 young (1024K), 1 survivors (1024K)
 Metaspace       used 105580K, committed 106304K, reserved 1146880K
  class space    used 13915K, committed 14272K, reserved 1048576K
}

