# JRE version: OpenJDK Runtime Environment (17.0.6) (build 17.0.6+0-b2043.56-10027231)
# Java VM: OpenJDK 64-Bit Server VM (17.0.6+0-b2043.56-10027231, mixed mode, tiered, compressed oops, compressed class ptrs, g1 gc, windows-amd64)
GC Precious Log:
 CPUs: 2 total, 2 available
 Memory: 11680M
 Large Page Support: Disabled
 NUMA Support: Disabled
 Compressed Oops: Enabled (32-bit)
 Heap Region Size: 1M
 Heap Min Capacity: 8M
 Heap Initial Capacity: 184M
 Heap Max Capacity: 2G
 Pre-touch: Disabled
 Parallel Workers: 2
 Concurrent Workers: 1
 Concurrent Refinement Workers: 2
 Periodic GC: Disabled
Heap:
 garbage-first heap   total 167936K, used 105554K [0x0000000080000000, 0x0000000100000000)
  region size 1024K, 6 young (6144K), 3 survivors (3072K)
 Metaspace       used 81520K, committed 82240K, reserved 1122304K
  class space    used 11309K, committed 11648K, reserved 1048576K
GC Heap History (20 events):
Event: 43.773 GC heap before
{Heap before GC invocations=29 (full 0):
 garbage-first heap   total 122880K, used 92729K [0x0000000080000000, 0x0000000100000000)
  region size 1024K, 24 young (24576K), 2 survivors (2048K)
 Metaspace       used 53949K, committed 54656K, reserved 1097728K
  class space    used 7257K, committed 7552K, reserved 1048576K
}
Event: 43.784 GC heap after
{Heap after GC invocations=30 (full 0):
 garbage-first heap   total 122880K, used 71822K [0x0000000080000000, 0x0000000100000000)
  region size 1024K, 2 young (2048K), 2 survivors (2048K)
 Metaspace       used 53949K, committed 54656K, reserved 1097728K
  class space    used 7257K, committed 7552K, reserved 1048576K
}
Event: 46.452 GC heap before
{Heap before GC invocations=30 (full 0):
 garbage-first heap   total 122880K, used 98446K [0x0000000080000000, 0x0000000100000000)
  region size 1024K, 28 young (28672K), 2 survivors (2048K)
 Metaspace       used 58551K, committed 59264K, reserved 1105920K
  class space    used 7791K, committed 8128K, reserved 1048576K
}
Event: 46.472 GC heap after
{Heap after GC invocations=31 (full 0):
 garbage-first heap   total 147456K, used 74718K [0x0000000080000000, 0x0000000100000000)
  region size 1024K, 4 young (4096K), 4 survivors (4096K)
 Metaspace       used 58551K, committed 59264K, reserved 1105920K
  class space    used 7791K, committed 8128K, reserved 1048576K
}
Event: 49.883 GC heap before
{Heap before GC invocations=32 (full 0):
 garbage-first heap   total 147456K, used 115678K [0x0000000080000000, 0x0000000100000000)
  region size 1024K, 45 young (46080K), 4 survivors (4096K)
 Metaspace       used 63106K, committed 63808K, reserved 1105920K
  class space    used 8409K, committed 8704K, reserved 1048576K
}
Event: 49.908 GC heap after
{Heap after GC invocations=33 (full 0):
 garbage-first heap   total 147456K, used 79669K [0x0000000080000000, 0x0000000100000000)
  region size 1024K, 6 young (6144K), 6 survivors (6144K)
 Metaspace       used 63106K, committed 63808K, reserved 1105920K
  class space    used 8409K, committed 8704K, reserved 1048576K
}
Event: 51.048 GC heap before
{Heap before GC invocations=33 (full 0):
 garbage-first heap   total 147456K, used 98101K [0x0000000080000000, 0x0000000100000000)
  region size 1024K, 26 young (26624K), 6 survivors (6144K)
 Metaspace       used 67397K, committed 68096K, reserved 1114112K
  class space    used 9426K, committed 9728K, reserved 1048576K
}
Event: 51.066 GC heap after
{Heap after GC invocations=34 (full 0):
 garbage-first heap   total 147456K, used 81527K [0x0000000080000000, 0x0000000100000000)
  region size 1024K, 2 young (2048K), 2 survivors (2048K)
 Metaspace       used 67397K, committed 68096K, reserved 1114112K
  class space    used 9426K, committed 9728K, reserved 1048576K
}
Event: 53.184 GC heap before
{Heap before GC invocations=35 (full 0):
 garbage-first heap   total 147456K, used 128631K [0x0000000080000000, 0x0000000100000000)
  region size 1024K, 38 young (38912K), 2 survivors (2048K)
 Metaspace       used 71055K, committed 71744K, reserved 1114112K
  class space    used 9935K, committed 10240K, reserved 1048576K
}
Event: 53.200 GC heap after
{Heap after GC invocations=36 (full 0):
 garbage-first heap   total 147456K, used 96992K [0x0000000080000000, 0x0000000100000000)
  region size 1024K, 5 young (5120K), 5 survivors (5120K)
 Metaspace       used 71055K, committed 71744K, reserved 1114112K
  class space    used 9935K, committed 10240K, reserved 1048576K
}
Event: 53.324 GC heap before
{Heap before GC invocations=36 (full 0):
 garbage-first heap   total 147456K, used 99040K [0x0000000080000000, 0x0000000100000000)
  region size 1024K, 7 young (7168K), 5 survivors (5120K)
 Metaspace       used 71523K, committed 72192K, reserved 1114112K
  class space    used 9972K, committed 10304K, reserved 1048576K
}
Event: 53.337 GC heap after
{Heap after GC invocations=37 (full 0):
 garbage-first heap   total 147456K, used 97597K [0x0000000080000000, 0x0000000100000000)
  region size 1024K, 1 young (1024K), 1 survivors (1024K)
 Metaspace       used 71523K, committed 72192K, reserved 1114112K
  class space    used 9972K, committed 10304K, reserved 1048576K
}
Event: 55.887 GC heap before
{Heap before GC invocations=37 (full 0):
 garbage-first heap   total 147456K, used 123197K [0x0000000080000000, 0x0000000100000000)
  region size 1024K, 26 young (26624K), 1 survivors (1024K)
 Metaspace       used 75869K, committed 76608K, reserved 1122304K
  class space    used 10555K, committed 10880K, reserved 1048576K
}
Event: 55.899 GC heap after
{Heap after GC invocations=38 (full 0):
 garbage-first heap   total 147456K, used 98460K [0x0000000080000000, 0x0000000100000000)
  region size 1024K, 2 young (2048K), 2 survivors (2048K)
 Metaspace       used 75869K, committed 76608K, reserved 1122304K
  class space    used 10555K, committed 10880K, reserved 1048576K
}
Event: 56.933 GC heap before
{Heap before GC invocations=39 (full 0):
 garbage-first heap   total 167936K, used 129180K [0x0000000080000000, 0x0000000100000000)
  region size 1024K, 27 young (27648K), 2 survivors (2048K)
 Metaspace       used 77321K, committed 78080K, reserved 1122304K
  class space    used 10762K, committed 11136K, reserved 1048576K
}
Event: 56.947 GC heap after
{Heap after GC invocations=40 (full 0):
 garbage-first heap   total 167936K, used 101838K [0x0000000080000000, 0x0000000100000000)
  region size 1024K, 4 young (4096K), 4 survivors (4096K)
 Metaspace       used 77321K, committed 78080K, reserved 1122304K
  class space    used 10762K, committed 11136K, reserved 1048576K
}
Event: 57.125 GC heap before
{Heap before GC invocations=40 (full 0):
 garbage-first heap   total 167936K, used 105934K [0x0000000080000000, 0x0000000100000000)
  region size 1024K, 8 young (8192K), 4 survivors (4096K)
 Metaspace       used 77741K, committed 78464K, reserved 1122304K
  class space    used 10813K, committed 11136K, reserved 1048576K
}
Event: 57.135 GC heap after
{Heap after GC invocations=41 (full 0):
 garbage-first heap   total 167936K, used 101731K [0x0000000080000000, 0x0000000100000000)
  region size 1024K, 1 young (1024K), 1 survivors (1024K)
 Metaspace       used 77741K, committed 78464K, reserved 1122304K
  class space    used 10813K, committed 11136K, reserved 1048576K
}
Event: 58.449 GC heap before
{Heap before GC invocations=41 (full 0):
 garbage-first heap   total 167936K, used 136547K [0x0000000080000000, 0x0000000100000000)
  region size 1024K, 35 young (35840K), 1 survivors (1024K)
 Metaspace       used 81247K, committed 81984K, reserved 1122304K
  class space    used 11277K, committed 11648K, reserved 1048576K
}
Event: 58.458 GC heap after
{Heap after GC invocations=42 (full 0):
 garbage-first heap   total 167936K, used 103506K [0x0000000080000000, 0x0000000100000000)
  region size 1024K, 3 young (3072K), 3 survivors (3072K)
 Metaspace       used 81247K, committed 81984K, reserved 1122304K
  class space    used 11277K, committed 11648K, reserved 1048576K
}

