# JRE version: OpenJDK Runtime Environment (17.0.6) (build 17.0.6+0-b2043.56-10027231)
# Java VM: OpenJDK 64-Bit Server VM (17.0.6+0-b2043.56-10027231, mixed mode, tiered, compressed oops, compressed class ptrs, g1 gc, windows-amd64)
GC Precious Log:
 CPUs: 2 total, 2 available
 Memory: 11680M
 Large Page Support: Disabled
 NUMA Support: Disabled
 Compressed Oops: Enabled (Zero based)
 Heap Region Size: 2M
 Heap Min Capacity: 8M
 Heap Initial Capacity: 184M
 Heap Max Capacity: 2922M
 Pre-touch: Disabled
 Parallel Workers: 2
 Concurrent Workers: 1
 Concurrent Refinement Workers: 2
 Periodic GC: Disabled
Heap:
 garbage-first heap   total 241664K, used 171343K [0x0000000749600000, 0x0000000800000000)
  region size 2048K, 34 young (69632K), 3 survivors (6144K)
 Metaspace       used 88254K, committed 88576K, reserved 1130496K
  class space    used 9443K, committed 9600K, reserved 1048576K
GC Heap History (20 events):
Event: 24.662 GC heap before
{Heap before GC invocations=31 (full 0):
 garbage-first heap   total 155648K, used 112799K [0x0000000749600000, 0x0000000800000000)
  region size 2048K, 28 young (57344K), 1 survivors (2048K)
 Metaspace       used 58685K, committed 59008K, reserved 1105920K
  class space    used 6824K, committed 6976K, reserved 1048576K
}
Event: 24.666 GC heap after
{Heap after GC invocations=32 (full 0):
 garbage-first heap   total 155648K, used 56450K [0x0000000749600000, 0x0000000800000000)
  region size 2048K, 1 young (2048K), 1 survivors (2048K)
 Metaspace       used 58685K, committed 59008K, reserved 1105920K
  class space    used 6824K, committed 6976K, reserved 1048576K
}
Event: 32.432 GC heap before
{Heap before GC invocations=32 (full 0):
 garbage-first heap   total 155648K, used 117890K [0x0000000749600000, 0x0000000800000000)
  region size 2048K, 31 young (63488K), 1 survivors (2048K)
 Metaspace       used 63448K, committed 63744K, reserved 1105920K
  class space    used 7238K, committed 7360K, reserved 1048576K
}
Event: 32.466 GC heap after
{Heap after GC invocations=33 (full 0):
 garbage-first heap   total 200704K, used 63468K [0x0000000749600000, 0x0000000800000000)
  region size 2048K, 4 young (8192K), 4 survivors (8192K)
 Metaspace       used 63448K, committed 63744K, reserved 1105920K
  class space    used 7238K, committed 7360K, reserved 1048576K
}
Event: 46.472 GC heap before
{Heap before GC invocations=33 (full 0):
 garbage-first heap   total 200704K, used 157676K [0x0000000749600000, 0x0000000800000000)
  region size 2048K, 49 young (100352K), 4 survivors (8192K)
 Metaspace       used 66372K, committed 66688K, reserved 1114112K
  class space    used 7422K, committed 7552K, reserved 1048576K
}
Event: 46.535 GC heap after
{Heap after GC invocations=34 (full 0):
 garbage-first heap   total 200704K, used 73584K [0x0000000749600000, 0x0000000800000000)
  region size 2048K, 4 young (8192K), 4 survivors (8192K)
 Metaspace       used 66372K, committed 66688K, reserved 1114112K
  class space    used 7422K, committed 7552K, reserved 1048576K
}
Event: 52.747 GC heap before
{Heap before GC invocations=34 (full 0):
 garbage-first heap   total 200704K, used 153456K [0x0000000749600000, 0x0000000800000000)
  region size 2048K, 43 young (88064K), 4 survivors (8192K)
 Metaspace       used 72688K, committed 73024K, reserved 1114112K
  class space    used 8018K, committed 8192K, reserved 1048576K
}
Event: 52.809 GC heap after
{Heap after GC invocations=35 (full 0):
 garbage-first heap   total 200704K, used 84710K [0x0000000749600000, 0x0000000800000000)
  region size 2048K, 6 young (12288K), 6 survivors (12288K)
 Metaspace       used 72688K, committed 73024K, reserved 1114112K
  class space    used 8018K, committed 8192K, reserved 1048576K
}
Event: 56.825 GC heap before
{Heap before GC invocations=35 (full 0):
 garbage-first heap   total 200704K, used 154342K [0x0000000749600000, 0x0000000800000000)
  region size 2048K, 40 young (81920K), 6 survivors (12288K)
 Metaspace       used 76334K, committed 76672K, reserved 1122304K
  class space    used 8396K, committed 8576K, reserved 1048576K
}
Event: 56.897 GC heap after
{Heap after GC invocations=36 (full 0):
 garbage-first heap   total 200704K, used 98304K [0x0000000749600000, 0x0000000800000000)
  region size 2048K, 5 young (10240K), 5 survivors (10240K)
 Metaspace       used 76334K, committed 76672K, reserved 1122304K
  class space    used 8396K, committed 8576K, reserved 1048576K
}
Event: 60.086 GC heap before
{Heap before GC invocations=36 (full 0):
 garbage-first heap   total 200704K, used 155648K [0x0000000749600000, 0x0000000800000000)
  region size 2048K, 33 young (67584K), 5 survivors (10240K)
 Metaspace       used 82182K, committed 82496K, reserved 1130496K
  class space    used 9018K, committed 9152K, reserved 1048576K
}
Event: 60.139 GC heap after
{Heap after GC invocations=37 (full 0):
 garbage-first heap   total 200704K, used 105460K [0x0000000749600000, 0x0000000800000000)
  region size 2048K, 3 young (6144K), 3 survivors (6144K)
 Metaspace       used 82182K, committed 82496K, reserved 1130496K
  class space    used 9018K, committed 9152K, reserved 1048576K
}
Event: 62.191 GC heap before
{Heap before GC invocations=37 (full 0):
 garbage-first heap   total 200704K, used 158708K [0x0000000749600000, 0x0000000800000000)
  region size 2048K, 29 young (59392K), 3 survivors (6144K)
 Metaspace       used 82809K, committed 83136K, reserved 1130496K
  class space    used 9039K, committed 9216K, reserved 1048576K
}
Event: 62.216 GC heap after
{Heap after GC invocations=38 (full 0):
 garbage-first heap   total 200704K, used 106309K [0x0000000749600000, 0x0000000800000000)
  region size 2048K, 1 young (2048K), 1 survivors (2048K)
 Metaspace       used 82809K, committed 83136K, reserved 1130496K
  class space    used 9039K, committed 9216K, reserved 1048576K
}
Event: 63.113 GC heap before
{Heap before GC invocations=38 (full 0):
 garbage-first heap   total 200704K, used 161605K [0x0000000749600000, 0x0000000800000000)
  region size 2048K, 28 young (57344K), 1 survivors (2048K)
 Metaspace       used 82934K, committed 83264K, reserved 1130496K
  class space    used 9041K, committed 9216K, reserved 1048576K
}
Event: 63.135 GC heap after
{Heap after GC invocations=39 (full 0):
 garbage-first heap   total 200704K, used 106385K [0x0000000749600000, 0x0000000800000000)
  region size 2048K, 1 young (2048K), 1 survivors (2048K)
 Metaspace       used 82934K, committed 83264K, reserved 1130496K
  class space    used 9041K, committed 9216K, reserved 1048576K
}
Event: 63.896 GC heap before
{Heap before GC invocations=39 (full 0):
 garbage-first heap   total 200704K, used 163729K [0x0000000749600000, 0x0000000800000000)
  region size 2048K, 29 young (59392K), 1 survivors (2048K)
 Metaspace       used 83032K, committed 83328K, reserved 1130496K
  class space    used 9043K, committed 9216K, reserved 1048576K
}
Event: 63.922 GC heap after
{Heap after GC invocations=40 (full 0):
 garbage-first heap   total 241664K, used 107239K [0x0000000749600000, 0x0000000800000000)
  region size 2048K, 2 young (4096K), 2 survivors (4096K)
 Metaspace       used 83032K, committed 83328K, reserved 1130496K
  class space    used 9043K, committed 9216K, reserved 1048576K
}
Event: 67.354 GC heap before
{Heap before GC invocations=40 (full 0):
 garbage-first heap   total 241664K, used 197351K [0x0000000749600000, 0x0000000800000000)
  region size 2048K, 46 young (94208K), 2 survivors (4096K)
 Metaspace       used 86502K, committed 86848K, reserved 1130496K
  class space    used 9323K, committed 9472K, reserved 1048576K
}
Event: 67.381 GC heap after
{Heap after GC invocations=41 (full 0):
 garbage-first heap   total 241664K, used 109903K [0x0000000749600000, 0x0000000800000000)
  region size 2048K, 3 young (6144K), 3 survivors (6144K)
 Metaspace       used 86502K, committed 86848K, reserved 1130496K
  class space    used 9323K, committed 9472K, reserved 1048576K
}

