# JRE version: OpenJDK Runtime Environment (17.0.6) (build 17.0.6+0-b2043.56-10027231)
# Java VM: OpenJDK 64-Bit Server VM (17.0.6+0-b2043.56-10027231, mixed mode, tiered, compressed oops, compressed class ptrs, g1 gc, windows-amd64)
GC Precious Log:
 CPUs: 2 total, 2 available
 Memory: 11680M
 Large Page Support: Disabled
 NUMA Support: Disabled
 Compressed Oops: Enabled (32-bit)
 Heap Region Size: 1M
 Heap Min Capacity: 8M
 Heap Initial Capacity: 184M
 Heap Max Capacity: 1G
 Pre-touch: Disabled
 Parallel Workers: 2
 Concurrent Workers: 1
 Concurrent Refinement Workers: 2
 Periodic GC: Disabled
Heap:
 garbage-first heap   total 429056K, used 250967K [0x00000000c0000000, 0x0000000100000000)
  region size 1024K, 17 young (17408K), 3 survivors (3072K)
 Metaspace       used 173356K, committed 174336K, reserved 1204224K
  class space    used 21863K, committed 22336K, reserved 1048576K
GC Heap History (20 events):
Event: 431.239 GC heap before
{Heap before GC invocations=189 (full 0):
 garbage-first heap   total 357376K, used 309074K [0x00000000c0000000, 0x0000000100000000)
  region size 1024K, 94 young (96256K), 1 survivors (1024K)
 Metaspace       used 163073K, committed 164032K, reserved 1196032K
  class space    used 20542K, committed 20992K, reserved 1048576K
}
Event: 431.242 GC heap after
{Heap after GC invocations=190 (full 0):
 garbage-first heap   total 357376K, used 213804K [0x00000000c0000000, 0x0000000100000000)
  region size 1024K, 1 young (1024K), 1 survivors (1024K)
 Metaspace       used 163073K, committed 164032K, reserved 1196032K
  class space    used 20542K, committed 20992K, reserved 1048576K
}
Event: 444.630 GC heap before
{Heap before GC invocations=190 (full 0):
 garbage-first heap   total 357376K, used 310060K [0x00000000c0000000, 0x0000000100000000)
  region size 1024K, 96 young (98304K), 1 survivors (1024K)
 Metaspace       used 163147K, committed 164096K, reserved 1196032K
  class space    used 20548K, committed 20992K, reserved 1048576K
}
Event: 444.648 GC heap after
{Heap after GC invocations=191 (full 0):
 garbage-first heap   total 357376K, used 213153K [0x00000000c0000000, 0x0000000100000000)
  region size 1024K, 6 young (6144K), 6 survivors (6144K)
 Metaspace       used 163147K, committed 164096K, reserved 1196032K
  class space    used 20548K, committed 20992K, reserved 1048576K
}
Event: 452.200 GC heap before
{Heap before GC invocations=192 (full 0):
 garbage-first heap   total 360448K, used 307361K [0x00000000c0000000, 0x0000000100000000)
  region size 1024K, 98 young (100352K), 6 survivors (6144K)
 Metaspace       used 163148K, committed 164096K, reserved 1196032K
  class space    used 20548K, committed 20992K, reserved 1048576K
}
Event: 452.232 GC heap after
{Heap after GC invocations=193 (full 0):
 garbage-first heap   total 360448K, used 220160K [0x00000000c0000000, 0x0000000100000000)
  region size 1024K, 12 young (12288K), 12 survivors (12288K)
 Metaspace       used 163148K, committed 164096K, reserved 1196032K
  class space    used 20548K, committed 20992K, reserved 1048576K
}
Event: 452.570 GC heap before
{Heap before GC invocations=193 (full 0):
 garbage-first heap   total 360448K, used 224256K [0x00000000c0000000, 0x0000000100000000)
  region size 1024K, 17 young (17408K), 12 survivors (12288K)
 Metaspace       used 163148K, committed 164096K, reserved 1196032K
  class space    used 20548K, committed 20992K, reserved 1048576K
}
Event: 452.600 GC heap after
{Heap after GC invocations=194 (full 0):
 garbage-first heap   total 360448K, used 217921K [0x00000000c0000000, 0x0000000100000000)
  region size 1024K, 1 young (1024K), 1 survivors (1024K)
 Metaspace       used 163148K, committed 164096K, reserved 1196032K
  class space    used 20548K, committed 20992K, reserved 1048576K
}
Event: 459.236 GC heap before
{Heap before GC invocations=194 (full 0):
 garbage-first heap   total 360448K, used 309057K [0x00000000c0000000, 0x0000000100000000)
  region size 1024K, 90 young (92160K), 1 survivors (1024K)
 Metaspace       used 163148K, committed 164096K, reserved 1196032K
  class space    used 20548K, committed 20992K, reserved 1048576K
}
Event: 459.262 GC heap after
{Heap after GC invocations=195 (full 0):
 garbage-first heap   total 360448K, used 223593K [0x00000000c0000000, 0x0000000100000000)
  region size 1024K, 7 young (7168K), 7 survivors (7168K)
 Metaspace       used 163148K, committed 164096K, reserved 1196032K
  class space    used 20548K, committed 20992K, reserved 1048576K
}
Event: 461.438 GC heap before
{Heap before GC invocations=195 (full 0):
 garbage-first heap   total 360448K, used 279913K [0x00000000c0000000, 0x0000000100000000)
  region size 1024K, 58 young (59392K), 7 survivors (7168K)
 Metaspace       used 163207K, committed 164160K, reserved 1196032K
  class space    used 20558K, committed 20992K, reserved 1048576K
}
Event: 461.472 GC heap after
{Heap after GC invocations=196 (full 0):
 garbage-first heap   total 360448K, used 235377K [0x00000000c0000000, 0x0000000100000000)
  region size 1024K, 12 young (12288K), 12 survivors (12288K)
 Metaspace       used 163207K, committed 164160K, reserved 1196032K
  class space    used 20558K, committed 20992K, reserved 1048576K
}
Event: 461.500 GC heap before
{Heap before GC invocations=196 (full 0):
 garbage-first heap   total 360448K, used 243569K [0x00000000c0000000, 0x0000000100000000)
  region size 1024K, 14 young (14336K), 12 survivors (12288K)
 Metaspace       used 163230K, committed 164160K, reserved 1196032K
  class space    used 20563K, committed 20992K, reserved 1048576K
}
Event: 461.526 GC heap after
{Heap after GC invocations=197 (full 0):
 garbage-first heap   total 360448K, used 244736K [0x00000000c0000000, 0x0000000100000000)
  region size 1024K, 1 young (1024K), 1 survivors (1024K)
 Metaspace       used 163230K, committed 164160K, reserved 1196032K
  class space    used 20563K, committed 20992K, reserved 1048576K
}
Event: 466.976 GC heap before
{Heap before GC invocations=198 (full 0):
 garbage-first heap   total 429056K, used 307200K [0x00000000c0000000, 0x0000000100000000)
  region size 1024K, 58 young (59392K), 1 survivors (1024K)
 Metaspace       used 170847K, committed 171776K, reserved 1204224K
  class space    used 21546K, committed 22016K, reserved 1048576K
}
Event: 467.007 GC heap after
{Heap after GC invocations=199 (full 0):
 garbage-first heap   total 429056K, used 242946K [0x00000000c0000000, 0x0000000100000000)
  region size 1024K, 4 young (4096K), 4 survivors (4096K)
 Metaspace       used 170847K, committed 171776K, reserved 1204224K
  class space    used 21546K, committed 22016K, reserved 1048576K
}
Event: 469.414 GC heap before
{Heap before GC invocations=199 (full 0):
 garbage-first heap   total 429056K, used 259330K [0x00000000c0000000, 0x0000000100000000)
  region size 1024K, 20 young (20480K), 4 survivors (4096K)
 Metaspace       used 172148K, committed 173120K, reserved 1204224K
  class space    used 21724K, committed 22208K, reserved 1048576K
}
Event: 469.442 GC heap after
{Heap after GC invocations=200 (full 0):
 garbage-first heap   total 429056K, used 241683K [0x00000000c0000000, 0x0000000100000000)
  region size 1024K, 2 young (2048K), 2 survivors (2048K)
 Metaspace       used 172148K, committed 173120K, reserved 1204224K
  class space    used 21724K, committed 22208K, reserved 1048576K
}
Event: 470.959 GC heap before
{Heap before GC invocations=200 (full 0):
 garbage-first heap   total 429056K, used 254995K [0x00000000c0000000, 0x0000000100000000)
  region size 1024K, 16 young (16384K), 2 survivors (2048K)
 Metaspace       used 172986K, committed 174016K, reserved 1204224K
  class space    used 21842K, committed 22336K, reserved 1048576K
}
Event: 470.980 GC heap after
{Heap after GC invocations=201 (full 0):
 garbage-first heap   total 429056K, used 242775K [0x00000000c0000000, 0x0000000100000000)
  region size 1024K, 3 young (3072K), 3 survivors (3072K)
 Metaspace       used 172986K, committed 174016K, reserved 1204224K
  class space    used 21842K, committed 22336K, reserved 1048576K
}

