# JRE version: OpenJDK Runtime Environment (17.0.6) (build 17.0.6+0-b2043.56-10027231)
# Java VM: OpenJDK 64-Bit Server VM (17.0.6+0-b2043.56-10027231, mixed mode, tiered, compressed oops, compressed class ptrs, g1 gc, windows-amd64)
GC Precious Log:
 CPUs: 2 total, 2 available
 Memory: 11680M
 Large Page Support: Disabled
 NUMA Support: Disabled
 Compressed Oops: Enabled (32-bit)
 Heap Region Size: 1M
 Heap Min Capacity: 8M
 Heap Initial Capacity: 184M
 Heap Max Capacity: 1G
 Pre-touch: Disabled
 Parallel Workers: 2
 Concurrent Workers: 1
 Concurrent Refinement Workers: 2
 Periodic GC: Disabled
Heap:
 garbage-first heap   total 194560K, used 119743K [0x00000000c0000000, 0x0000000100000000)
  region size 1024K, 17 young (17408K), 7 survivors (7168K)
 Metaspace       used 102531K, committed 103232K, reserved 1138688K
  class space    used 14025K, committed 14400K, reserved 1048576K
GC Heap History (20 events):
Event: 43.563 GC heap before
{Heap before GC invocations=46 (full 0):
 garbage-first heap   total 194560K, used 137289K [0x00000000c0000000, 0x0000000100000000)
  region size 1024K, 70 young (71680K), 6 survivors (6144K)
 Metaspace       used 77603K, committed 78208K, reserved 1122304K
  class space    used 10366K, committed 10624K, reserved 1048576K
}
Event: 43.590 GC heap after
{Heap after GC invocations=47 (full 0):
 garbage-first heap   total 194560K, used 75651K [0x00000000c0000000, 0x0000000100000000)
  region size 1024K, 6 young (6144K), 6 survivors (6144K)
 Metaspace       used 77603K, committed 78208K, reserved 1122304K
  class space    used 10366K, committed 10624K, reserved 1048576K
}
Event: 44.178 GC heap before
{Heap before GC invocations=47 (full 0):
 garbage-first heap   total 194560K, used 99203K [0x00000000c0000000, 0x0000000100000000)
  region size 1024K, 30 young (30720K), 6 survivors (6144K)
 Metaspace       used 79386K, committed 79936K, reserved 1122304K
  class space    used 10621K, committed 10880K, reserved 1048576K
}
Event: 44.197 GC heap after
{Heap after GC invocations=48 (full 0):
 garbage-first heap   total 194560K, used 76556K [0x00000000c0000000, 0x0000000100000000)
  region size 1024K, 5 young (5120K), 5 survivors (5120K)
 Metaspace       used 79386K, committed 79936K, reserved 1122304K
  class space    used 10621K, committed 10880K, reserved 1048576K
}
Event: 47.014 GC heap before
{Heap before GC invocations=49 (full 0):
 garbage-first heap   total 194560K, used 145164K [0x00000000c0000000, 0x0000000100000000)
  region size 1024K, 71 young (72704K), 5 survivors (5120K)
 Metaspace       used 84527K, committed 85184K, reserved 1130496K
  class space    used 11527K, committed 11840K, reserved 1048576K
}
Event: 47.032 GC heap after
{Heap after GC invocations=50 (full 0):
 garbage-first heap   total 194560K, used 79125K [0x00000000c0000000, 0x0000000100000000)
  region size 1024K, 4 young (4096K), 4 survivors (4096K)
 Metaspace       used 84527K, committed 85184K, reserved 1130496K
  class space    used 11527K, committed 11840K, reserved 1048576K
}
Event: 47.204 GC heap before
{Heap before GC invocations=50 (full 0):
 garbage-first heap   total 194560K, used 83221K [0x00000000c0000000, 0x0000000100000000)
  region size 1024K, 9 young (9216K), 4 survivors (4096K)
 Metaspace       used 84926K, committed 85504K, reserved 1130496K
  class space    used 11579K, committed 11840K, reserved 1048576K
}
Event: 47.220 GC heap after
{Heap after GC invocations=51 (full 0):
 garbage-first heap   total 194560K, used 79434K [0x00000000c0000000, 0x0000000100000000)
  region size 1024K, 1 young (1024K), 1 survivors (1024K)
 Metaspace       used 84926K, committed 85504K, reserved 1130496K
  class space    used 11579K, committed 11840K, reserved 1048576K
}
Event: 51.145 GC heap before
{Heap before GC invocations=51 (full 0):
 garbage-first heap   total 194560K, used 153162K [0x00000000c0000000, 0x0000000100000000)
  region size 1024K, 73 young (74752K), 1 survivors (1024K)
 Metaspace       used 91201K, committed 91840K, reserved 1130496K
  class space    used 12530K, committed 12800K, reserved 1048576K
}
Event: 51.172 GC heap after
{Heap after GC invocations=52 (full 0):
 garbage-first heap   total 194560K, used 83016K [0x00000000c0000000, 0x0000000100000000)
  region size 1024K, 5 young (5120K), 5 survivors (5120K)
 Metaspace       used 91201K, committed 91840K, reserved 1130496K
  class space    used 12530K, committed 12800K, reserved 1048576K
}
Event: 53.591 GC heap before
{Heap before GC invocations=52 (full 0):
 garbage-first heap   total 194560K, used 153672K [0x00000000c0000000, 0x0000000100000000)
  region size 1024K, 74 young (75776K), 5 survivors (5120K)
 Metaspace       used 95410K, committed 96064K, reserved 1138688K
  class space    used 13077K, committed 13376K, reserved 1048576K
}
Event: 53.632 GC heap after
{Heap after GC invocations=53 (full 0):
 garbage-first heap   total 194560K, used 90112K [0x00000000c0000000, 0x0000000100000000)
  region size 1024K, 10 young (10240K), 10 survivors (10240K)
 Metaspace       used 95410K, committed 96064K, reserved 1138688K
  class space    used 13077K, committed 13376K, reserved 1048576K
}
Event: 57.457 GC heap before
{Heap before GC invocations=53 (full 0):
 garbage-first heap   total 194560K, used 155648K [0x00000000c0000000, 0x0000000100000000)
  region size 1024K, 74 young (75776K), 10 survivors (10240K)
 Metaspace       used 97482K, committed 98176K, reserved 1138688K
  class space    used 13402K, committed 13696K, reserved 1048576K
}
Event: 57.515 GC heap after
{Heap after GC invocations=54 (full 0):
 garbage-first heap   total 194560K, used 98304K [0x00000000c0000000, 0x0000000100000000)
  region size 1024K, 8 young (8192K), 8 survivors (8192K)
 Metaspace       used 97482K, committed 98176K, reserved 1138688K
  class space    used 13402K, committed 13696K, reserved 1048576K
}
Event: 60.671 GC heap before
{Heap before GC invocations=55 (full 0):
 garbage-first heap   total 194560K, used 155648K [0x00000000c0000000, 0x0000000100000000)
  region size 1024K, 64 young (65536K), 8 survivors (8192K)
 Metaspace       used 98126K, committed 98880K, reserved 1138688K
  class space    used 13440K, committed 13760K, reserved 1048576K
}
Event: 60.715 GC heap after
{Heap after GC invocations=56 (full 0):
 garbage-first heap   total 194560K, used 102912K [0x00000000c0000000, 0x0000000100000000)
  region size 1024K, 5 young (5120K), 5 survivors (5120K)
 Metaspace       used 98126K, committed 98880K, reserved 1138688K
  class space    used 13440K, committed 13760K, reserved 1048576K
}
Event: 63.387 GC heap before
{Heap before GC invocations=56 (full 0):
 garbage-first heap   total 194560K, used 156160K [0x00000000c0000000, 0x0000000100000000)
  region size 1024K, 58 young (59392K), 5 survivors (5120K)
 Metaspace       used 98882K, committed 99584K, reserved 1138688K
  class space    used 13549K, committed 13888K, reserved 1048576K
}
Event: 63.419 GC heap after
{Heap after GC invocations=57 (full 0):
 garbage-first heap   total 194560K, used 106454K [0x00000000c0000000, 0x0000000100000000)
  region size 1024K, 4 young (4096K), 4 survivors (4096K)
 Metaspace       used 98882K, committed 99584K, reserved 1138688K
  class space    used 13549K, committed 13888K, reserved 1048576K
}
Event: 66.570 GC heap before
{Heap before GC invocations=58 (full 0):
 garbage-first heap   total 194560K, used 158678K [0x00000000c0000000, 0x0000000100000000)
  region size 1024K, 56 young (57344K), 4 survivors (4096K)
 Metaspace       used 102518K, committed 103232K, reserved 1138688K
  class space    used 14024K, committed 14400K, reserved 1048576K
}
Event: 66.599 GC heap after
{Heap after GC invocations=59 (full 0):
 garbage-first heap   total 194560K, used 110527K [0x00000000c0000000, 0x0000000100000000)
  region size 1024K, 7 young (7168K), 7 survivors (7168K)
 Metaspace       used 102518K, committed 103232K, reserved 1138688K
  class space    used 14024K, committed 14400K, reserved 1048576K
}

