# JRE version: OpenJDK Runtime Environment (17.0.6) (build 17.0.6+0-b2043.56-10027231)
# Java VM: OpenJDK 64-Bit Server VM (17.0.6+0-b2043.56-10027231, mixed mode, tiered, compressed oops, compressed class ptrs, g1 gc, windows-amd64)
GC Precious Log:
 CPUs: 2 total, 2 available
 Memory: 11680M
 Large Page Support: Disabled
 NUMA Support: Disabled
 Compressed Oops: Enabled (32-bit)
 Heap Region Size: 1M
 Heap Min Capacity: 8M
 Heap Initial Capacity: 184M
 Heap Max Capacity: 1G
 Pre-touch: Disabled
 Parallel Workers: 2
 Concurrent Workers: 1
 Concurrent Refinement Workers: 2
 Periodic GC: Disabled
Heap:
 garbage-first heap   total 130048K, used 92351K [0x00000000c0000000, 0x0000000100000000)
  region size 1024K, 2 young (2048K), 1 survivors (1024K)
 Metaspace       used 59560K, committed 60288K, reserved 1105920K
  class space    used 8001K, committed 8320K, reserved 1048576K
GC Heap History (20 events):
Event: 19.095 GC heap before
{Heap before GC invocations=22 (full 0):
 garbage-first heap   total 101376K, used 65207K [0x00000000c0000000, 0x0000000100000000)
  region size 1024K, 12 young (12288K), 2 survivors (2048K)
 Metaspace       used 46268K, committed 46656K, reserved 1089536K
  class space    used 6137K, committed 6336K, reserved 1048576K
}
Event: 19.105 GC heap after
{Heap after GC invocations=23 (full 0):
 garbage-first heap   total 101376K, used 58921K [0x00000000c0000000, 0x0000000100000000)
  region size 1024K, 4 young (4096K), 4 survivors (4096K)
 Metaspace       used 46268K, committed 46656K, reserved 1089536K
  class space    used 6137K, committed 6336K, reserved 1048576K
}
Event: 19.368 GC heap before
{Heap before GC invocations=24 (full 0):
 garbage-first heap   total 101376K, used 61993K [0x00000000c0000000, 0x0000000100000000)
  region size 1024K, 5 young (5120K), 4 survivors (4096K)
 Metaspace       used 46268K, committed 46656K, reserved 1089536K
  class space    used 6137K, committed 6336K, reserved 1048576K
}
Event: 19.385 GC heap after
{Heap after GC invocations=25 (full 0):
 garbage-first heap   total 121856K, used 62662K [0x00000000c0000000, 0x0000000100000000)
  region size 1024K, 3 young (3072K), 3 survivors (3072K)
 Metaspace       used 46268K, committed 46656K, reserved 1089536K
  class space    used 6137K, committed 6336K, reserved 1048576K
}
Event: 20.430 GC heap before
{Heap before GC invocations=26 (full 0):
 garbage-first heap   total 121856K, used 74950K [0x00000000c0000000, 0x0000000100000000)
  region size 1024K, 14 young (14336K), 3 survivors (3072K)
 Metaspace       used 46976K, committed 47424K, reserved 1097728K
  class space    used 6218K, committed 6400K, reserved 1048576K
}
Event: 20.439 GC heap after
{Heap after GC invocations=27 (full 0):
 garbage-first heap   total 121856K, used 67578K [0x00000000c0000000, 0x0000000100000000)
  region size 1024K, 3 young (3072K), 3 survivors (3072K)
 Metaspace       used 46976K, committed 47424K, reserved 1097728K
  class space    used 6218K, committed 6400K, reserved 1048576K
}
Event: 22.683 GC heap before
{Heap before GC invocations=28 (full 0):
 garbage-first heap   total 121856K, used 93178K [0x00000000c0000000, 0x0000000100000000)
  region size 1024K, 28 young (28672K), 3 survivors (3072K)
 Metaspace       used 49305K, committed 49792K, reserved 1097728K
  class space    used 6452K, committed 6656K, reserved 1048576K
}
Event: 22.691 GC heap after
{Heap after GC invocations=29 (full 0):
 garbage-first heap   total 121856K, used 68373K [0x00000000c0000000, 0x0000000100000000)
  region size 1024K, 3 young (3072K), 3 survivors (3072K)
 Metaspace       used 49305K, committed 49792K, reserved 1097728K
  class space    used 6452K, committed 6656K, reserved 1048576K
}
Event: 23.974 GC heap before
{Heap before GC invocations=29 (full 0):
 garbage-first heap   total 121856K, used 94997K [0x00000000c0000000, 0x0000000100000000)
  region size 1024K, 29 young (29696K), 3 survivors (3072K)
 Metaspace       used 52219K, committed 52800K, reserved 1097728K
  class space    used 6973K, committed 7232K, reserved 1048576K
}
Event: 23.991 GC heap after
{Heap after GC invocations=30 (full 0):
 garbage-first heap   total 121856K, used 71019K [0x00000000c0000000, 0x0000000100000000)
  region size 1024K, 4 young (4096K), 4 survivors (4096K)
 Metaspace       used 52219K, committed 52800K, reserved 1097728K
  class space    used 6973K, committed 7232K, reserved 1048576K
}
Event: 25.268 GC heap before
{Heap before GC invocations=31 (full 0):
 garbage-first heap   total 122880K, used 95595K [0x00000000c0000000, 0x0000000100000000)
  region size 1024K, 29 young (29696K), 4 survivors (4096K)
 Metaspace       used 55259K, committed 55872K, reserved 1097728K
  class space    used 7455K, committed 7744K, reserved 1048576K
}
Event: 25.286 GC heap after
{Heap after GC invocations=32 (full 0):
 garbage-first heap   total 122880K, used 72797K [0x00000000c0000000, 0x0000000100000000)
  region size 1024K, 2 young (2048K), 2 survivors (2048K)
 Metaspace       used 55259K, committed 55872K, reserved 1097728K
  class space    used 7455K, committed 7744K, reserved 1048576K
}
Event: 27.023 GC heap before
{Heap before GC invocations=32 (full 0):
 garbage-first heap   total 122880K, used 98397K [0x00000000c0000000, 0x0000000100000000)
  region size 1024K, 28 young (28672K), 2 survivors (2048K)
 Metaspace       used 56126K, committed 56704K, reserved 1105920K
  class space    used 7521K, committed 7808K, reserved 1048576K
}
Event: 27.039 GC heap after
{Heap after GC invocations=33 (full 0):
 garbage-first heap   total 122880K, used 76389K [0x00000000c0000000, 0x0000000100000000)
  region size 1024K, 4 young (4096K), 4 survivors (4096K)
 Metaspace       used 56126K, committed 56704K, reserved 1105920K
  class space    used 7521K, committed 7808K, reserved 1048576K
}
Event: 27.858 GC heap before
{Heap before GC invocations=34 (full 0):
 garbage-first heap   total 130048K, used 109157K [0x00000000c0000000, 0x0000000100000000)
  region size 1024K, 27 young (27648K), 4 survivors (4096K)
 Metaspace       used 57414K, committed 58112K, reserved 1105920K
  class space    used 7689K, committed 8000K, reserved 1048576K
}
Event: 27.873 GC heap after
{Heap after GC invocations=35 (full 0):
 garbage-first heap   total 130048K, used 92275K [0x00000000c0000000, 0x0000000100000000)
  region size 1024K, 4 young (4096K), 4 survivors (4096K)
 Metaspace       used 57414K, committed 58112K, reserved 1105920K
  class space    used 7689K, committed 8000K, reserved 1048576K
}
Event: 27.919 GC heap before
{Heap before GC invocations=35 (full 0):
 garbage-first heap   total 130048K, used 94323K [0x00000000c0000000, 0x0000000100000000)
  region size 1024K, 6 young (6144K), 4 survivors (4096K)
 Metaspace       used 57684K, committed 58304K, reserved 1105920K
  class space    used 7723K, committed 8000K, reserved 1048576K
}
Event: 27.926 GC heap after
{Heap after GC invocations=36 (full 0):
 garbage-first heap   total 130048K, used 92113K [0x00000000c0000000, 0x0000000100000000)
  region size 1024K, 1 young (1024K), 1 survivors (1024K)
 Metaspace       used 57684K, committed 58304K, reserved 1105920K
  class space    used 7723K, committed 8000K, reserved 1048576K
}
Event: 28.589 GC heap before
{Heap before GC invocations=36 (full 0):
 garbage-first heap   total 130048K, used 106449K [0x00000000c0000000, 0x0000000100000000)
  region size 1024K, 15 young (15360K), 1 survivors (1024K)
 Metaspace       used 59560K, committed 60288K, reserved 1105920K
  class space    used 8001K, committed 8320K, reserved 1048576K
}
Event: 28.600 GC heap after
{Heap after GC invocations=37 (full 0):
 garbage-first heap   total 130048K, used 92351K [0x00000000c0000000, 0x0000000100000000)
  region size 1024K, 1 young (1024K), 1 survivors (1024K)
 Metaspace       used 59560K, committed 60288K, reserved 1105920K
  class space    used 8001K, committed 8320K, reserved 1048576K
}

