# JRE version: OpenJDK Runtime Environment (17.0.6) (build 17.0.6+0-b2043.56-10027231)
# Java VM: OpenJDK 64-Bit Server VM (17.0.6+0-b2043.56-10027231, mixed mode, tiered, compressed oops, compressed class ptrs, g1 gc, windows-amd64)
GC Precious Log:
 CPUs: 2 total, 2 available
 Memory: 11680M
 Large Page Support: Disabled
 NUMA Support: Disabled
 Compressed Oops: Enabled (32-bit)
 Heap Region Size: 1M
 Heap Min Capacity: 8M
 Heap Initial Capacity: 184M
 Heap Max Capacity: 1G
 Pre-touch: Disabled
 Parallel Workers: 2
 Concurrent Workers: 1
 Concurrent Refinement Workers: 2
 Periodic GC: Disabled
Heap:
 garbage-first heap   total 256000K, used 181674K [0x00000000c0000000, 0x0000000100000000)
  region size 1024K, 60 young (61440K), 9 survivors (9216K)
 Metaspace       used 137284K, committed 138304K, reserved 1171456K
  class space    used 18535K, committed 19072K, reserved 1048576K
GC Heap History (20 events):
Event: 3036.125 GC heap before
{Heap before GC invocations=111 (full 0):
 garbage-first heap   total 256000K, used 217822K [0x00000000c0000000, 0x0000000100000000)
  region size 1024K, 33 young (33792K), 1 survivors (1024K)
 Metaspace       used 135272K, committed 136384K, reserved 1171456K
  class space    used 18389K, committed 18944K, reserved 1048576K
}
Event: 3036.131 GC heap after
{Heap after GC invocations=112 (full 0):
 garbage-first heap   total 256000K, used 184770K [0x00000000c0000000, 0x0000000100000000)
  region size 1024K, 1 young (1024K), 1 survivors (1024K)
 Metaspace       used 135272K, committed 136384K, reserved 1171456K
  class space    used 18389K, committed 18944K, reserved 1048576K
}
Event: 3387.569 GC heap before
{Heap before GC invocations=112 (full 0):
 garbage-first heap   total 256000K, used 218562K [0x00000000c0000000, 0x0000000100000000)
  region size 1024K, 35 young (35840K), 1 survivors (1024K)
 Metaspace       used 135294K, committed 136384K, reserved 1171456K
  class space    used 18390K, committed 18944K, reserved 1048576K
}
Event: 3387.586 GC heap after
{Heap after GC invocations=113 (full 0):
 garbage-first heap   total 256000K, used 187796K [0x00000000c0000000, 0x0000000100000000)
  region size 1024K, 4 young (4096K), 4 survivors (4096K)
 Metaspace       used 135294K, committed 136384K, reserved 1171456K
  class space    used 18390K, committed 18944K, reserved 1048576K
}
Event: 3390.357 GC heap before
{Heap before GC invocations=113 (full 0):
 garbage-first heap   total 256000K, used 219540K [0x00000000c0000000, 0x0000000100000000)
  region size 1024K, 35 young (35840K), 4 survivors (4096K)
 Metaspace       used 135475K, committed 136576K, reserved 1171456K
  class space    used 18394K, committed 18944K, reserved 1048576K
}
Event: 3390.384 GC heap after
{Heap after GC invocations=114 (full 0):
 garbage-first heap   total 256000K, used 192638K [0x00000000c0000000, 0x0000000100000000)
  region size 1024K, 5 young (5120K), 5 survivors (5120K)
 Metaspace       used 135475K, committed 136576K, reserved 1171456K
  class space    used 18394K, committed 18944K, reserved 1048576K
}
Event: 3392.151 GC heap before
{Heap before GC invocations=114 (full 0):
 garbage-first heap   total 256000K, used 218238K [0x00000000c0000000, 0x0000000100000000)
  region size 1024K, 31 young (31744K), 5 survivors (5120K)
 Metaspace       used 136748K, committed 137856K, reserved 1171456K
  class space    used 18542K, committed 19072K, reserved 1048576K
}
Event: 3392.172 GC heap after
{Heap after GC invocations=115 (full 0):
 garbage-first heap   total 256000K, used 194207K [0x00000000c0000000, 0x0000000100000000)
  region size 1024K, 2 young (2048K), 2 survivors (2048K)
 Metaspace       used 136748K, committed 137856K, reserved 1171456K
  class space    used 18542K, committed 19072K, reserved 1048576K
}
Event: 3398.946 GC heap before
{Heap before GC invocations=115 (full 0):
 garbage-first heap   total 256000K, used 220831K [0x00000000c0000000, 0x0000000100000000)
  region size 1024K, 28 young (28672K), 2 survivors (2048K)
 Metaspace       used 136768K, committed 137856K, reserved 1171456K
  class space    used 18543K, committed 19072K, reserved 1048576K
}
Event: 3398.969 GC heap after
{Heap after GC invocations=116 (full 0):
 garbage-first heap   total 256000K, used 198424K [0x00000000c0000000, 0x0000000100000000)
  region size 1024K, 4 young (4096K), 4 survivors (4096K)
 Metaspace       used 136768K, committed 137856K, reserved 1171456K
  class space    used 18543K, committed 19072K, reserved 1048576K
}
Event: 3399.359 GC heap before
{Heap before GC invocations=116 (full 0):
 garbage-first heap   total 256000K, used 219928K [0x00000000c0000000, 0x0000000100000000)
  region size 1024K, 26 young (26624K), 4 survivors (4096K)
 Metaspace       used 136794K, committed 137920K, reserved 1171456K
  class space    used 18543K, committed 19072K, reserved 1048576K
}
Event: 3399.375 GC heap after
{Heap after GC invocations=117 (full 0):
 garbage-first heap   total 256000K, used 198613K [0x00000000c0000000, 0x0000000100000000)
  region size 1024K, 2 young (2048K), 2 survivors (2048K)
 Metaspace       used 136794K, committed 137920K, reserved 1171456K
  class space    used 18543K, committed 19072K, reserved 1048576K
}
Event: 3663.749 GC heap before
{Heap before GC invocations=117 (full 0):
 garbage-first heap   total 256000K, used 233429K [0x00000000c0000000, 0x0000000100000000)
  region size 1024K, 24 young (24576K), 2 survivors (2048K)
 Metaspace       used 136853K, committed 137920K, reserved 1171456K
  class space    used 18545K, committed 19072K, reserved 1048576K
}
Event: 3664.023 GC heap after
{Heap after GC invocations=118 (full 1):
 garbage-first heap   total 256000K, used 97373K [0x00000000c0000000, 0x0000000100000000)
  region size 1024K, 0 young (0K), 0 survivors (0K)
 Metaspace       used 136349K, committed 137920K, reserved 1171456K
  class space    used 18439K, committed 19072K, reserved 1048576K
}
Event: 7264.209 GC heap before
{Heap before GC invocations=118 (full 1):
 garbage-first heap   total 256000K, used 160861K [0x00000000c0000000, 0x0000000100000000)
  region size 1024K, 63 young (64512K), 0 survivors (0K)
 Metaspace       used 136388K, committed 137920K, reserved 1171456K
  class space    used 18447K, committed 19072K, reserved 1048576K
}
Event: 7264.397 GC heap after
{Heap after GC invocations=119 (full 2):
 garbage-first heap   total 256000K, used 96682K [0x00000000c0000000, 0x0000000100000000)
  region size 1024K, 0 young (0K), 0 survivors (0K)
 Metaspace       used 136388K, committed 137920K, reserved 1171456K
  class space    used 18447K, committed 19072K, reserved 1048576K
}
Event: 7770.967 GC heap before
{Heap before GC invocations=119 (full 2):
 garbage-first heap   total 256000K, used 194986K [0x00000000c0000000, 0x0000000100000000)
  region size 1024K, 95 young (97280K), 0 survivors (0K)
 Metaspace       used 136569K, committed 137984K, reserved 1171456K
  class space    used 18458K, committed 19072K, reserved 1048576K
}
Event: 7771.076 GC heap after
{Heap after GC invocations=120 (full 2):
 garbage-first heap   total 256000K, used 122278K [0x00000000c0000000, 0x0000000100000000)
  region size 1024K, 12 young (12288K), 12 survivors (12288K)
 Metaspace       used 136569K, committed 137984K, reserved 1171456K
  class space    used 18458K, committed 19072K, reserved 1048576K
}
Event: 7778.668 GC heap before
{Heap before GC invocations=120 (full 2):
 garbage-first heap   total 256000K, used 204198K [0x00000000c0000000, 0x0000000100000000)
  region size 1024K, 76 young (77824K), 12 survivors (12288K)
 Metaspace       used 136860K, committed 138048K, reserved 1171456K
  class space    used 18484K, committed 19072K, reserved 1048576K
}
Event: 7778.734 GC heap after
{Heap after GC invocations=121 (full 2):
 garbage-first heap   total 256000K, used 131498K [0x00000000c0000000, 0x0000000100000000)
  region size 1024K, 9 young (9216K), 9 survivors (9216K)
 Metaspace       used 136860K, committed 138048K, reserved 1171456K
  class space    used 18484K, committed 19072K, reserved 1048576K
}

